<?xml version="1.0" encoding="UTF-8"?>
<!-- Generated by org.testng.reporters.JUnitReportReporter -->
<testsuite skipped="0" hostname="DEV_TEST_JOYDIP" name="headles.JStest" tests="1" failures="0" timestamp="17 Jan 2019 07:08:02 GMT" time="40.981" errors="0">
  <testcase name="Login" time="40.981" classname="headles.JStest"/>
</testsuite> <!-- headles.JStest -->
